This is pdfTeX, Version 3.14159265-2.6-1.40.18 (TeX Live 2017/Debian) (preloaded format=pdflatex 2018.9.2)  3 SEP 2018 00:07
entering extended mode
 restricted \write18 enabled.
 %&-line parsing enabled.
**book
(./book.tex
LaTeX2e <2017-04-15>
Babel <3.18> and hyphenation patterns for 84 language(s) loaded.
(/usr/share/texlive/texmf-dist/tex/latex/base/book.cls
Document Class: book 2014/09/29 v1.4h Standard LaTeX document class
(/usr/share/texlive/texmf-dist/tex/latex/base/bk12.clo
File: bk12.clo 2014/09/29 v1.4h Standard LaTeX file (size option)
)
\c@part=\count79
\c@chapter=\count80
\c@section=\count81
\c@subsection=\count82
\c@subsubsection=\count83
\c@paragraph=\count84
\c@subparagraph=\count85
\c@figure=\count86
\c@table=\count87
\abovecaptionskip=\skip41
\belowcaptionskip=\skip42
\bibindent=\dimen102
)
(/usr/share/texlive/texmf-dist/tex/latex/geometry/geometry.sty
Package: geometry 2010/09/12 v5.6 Page Geometry

(/usr/share/texlive/texmf-dist/tex/latex/graphics/keyval.sty
Package: keyval 2014/10/28 v1.15 key=value parser (DPC)
\KV@toks@=\toks14
)
(/usr/share/texlive/texmf-dist/tex/generic/oberdiek/ifpdf.sty
Package: ifpdf 2017/03/15 v3.2 Provides the ifpdf switch
)
(/usr/share/texlive/texmf-dist/tex/generic/oberdiek/ifvtex.sty
Package: ifvtex 2016/05/16 v1.6 Detect VTeX and its facilities (HO)
Package ifvtex Info: VTeX not detected.
)
(/usr/share/texlive/texmf-dist/tex/generic/ifxetex/ifxetex.sty
Package: ifxetex 2010/09/12 v0.6 Provides ifxetex conditional
)
\Gm@cnth=\count88
\Gm@cntv=\count89
\c@Gm@tempcnt=\count90
\Gm@bindingoffset=\dimen103
\Gm@wd@mp=\dimen104
\Gm@odd@mp=\dimen105
\Gm@even@mp=\dimen106
\Gm@layoutwidth=\dimen107
\Gm@layoutheight=\dimen108
\Gm@layouthoffset=\dimen109
\Gm@layoutvoffset=\dimen110
\Gm@dimlist=\toks15
)
(/usr/share/texlive/texmf-dist/tex/latex/base/fontenc.sty
Package: fontenc 2017/04/05 v2.0i Standard LaTeX package

(/usr/share/texlive/texmf-dist/tex/latex/base/t1enc.def
File: t1enc.def 2017/04/05 v2.0i Standard LaTeX file
LaTeX Font Info:    Redeclaring font encoding T1 on input line 48.
))
(/usr/share/texlive/texmf-dist/tex/latex/base/textcomp.sty
Package: textcomp 2017/04/05 v2.0i Standard LaTeX package
Package textcomp Info: Sub-encoding information:
(textcomp)               5 = only ISO-Adobe without \textcurrency
(textcomp)               4 = 5 + \texteuro
(textcomp)               3 = 4 + \textohm
(textcomp)               2 = 3 + \textestimated + \textcurrency
(textcomp)               1 = TS1 - \textcircled - \t
(textcomp)               0 = TS1 (full)
(textcomp)             Font families with sub-encoding setting implement
(textcomp)             only a restricted character set as indicated.
(textcomp)             Family '?' is the default used for unknown fonts.
(textcomp)             See the documentation for details.
Package textcomp Info: Setting ? sub-encoding to TS1/1 on input line 79.

(/usr/share/texlive/texmf-dist/tex/latex/base/ts1enc.def
File: ts1enc.def 2001/06/05 v3.0e (jk/car/fm) Standard LaTeX file
)
LaTeX Info: Redefining \oldstylenums on input line 334.
Package textcomp Info: Setting cmr sub-encoding to TS1/0 on input line 349.
Package textcomp Info: Setting cmss sub-encoding to TS1/0 on input line 350.
Package textcomp Info: Setting cmtt sub-encoding to TS1/0 on input line 351.
Package textcomp Info: Setting cmvtt sub-encoding to TS1/0 on input line 352.
Package textcomp Info: Setting cmbr sub-encoding to TS1/0 on input line 353.
Package textcomp Info: Setting cmtl sub-encoding to TS1/0 on input line 354.
Package textcomp Info: Setting ccr sub-encoding to TS1/0 on input line 355.
Package textcomp Info: Setting ptm sub-encoding to TS1/4 on input line 356.
Package textcomp Info: Setting pcr sub-encoding to TS1/4 on input line 357.
Package textcomp Info: Setting phv sub-encoding to TS1/4 on input line 358.
Package textcomp Info: Setting ppl sub-encoding to TS1/3 on input line 359.
Package textcomp Info: Setting pag sub-encoding to TS1/4 on input line 360.
Package textcomp Info: Setting pbk sub-encoding to TS1/4 on input line 361.
Package textcomp Info: Setting pnc sub-encoding to TS1/4 on input line 362.
Package textcomp Info: Setting pzc sub-encoding to TS1/4 on input line 363.
Package textcomp Info: Setting bch sub-encoding to TS1/4 on input line 364.
Package textcomp Info: Setting put sub-encoding to TS1/5 on input line 365.
Package textcomp Info: Setting uag sub-encoding to TS1/5 on input line 366.
Package textcomp Info: Setting ugq sub-encoding to TS1/5 on input line 367.
Package textcomp Info: Setting ul8 sub-encoding to TS1/4 on input line 368.
Package textcomp Info: Setting ul9 sub-encoding to TS1/4 on input line 369.
Package textcomp Info: Setting augie sub-encoding to TS1/5 on input line 370.
Package textcomp Info: Setting dayrom sub-encoding to TS1/3 on input line 371.
Package textcomp Info: Setting dayroms sub-encoding to TS1/3 on input line 372.

Package textcomp Info: Setting pxr sub-encoding to TS1/0 on input line 373.
Package textcomp Info: Setting pxss sub-encoding to TS1/0 on input line 374.
Package textcomp Info: Setting pxtt sub-encoding to TS1/0 on input line 375.
Package textcomp Info: Setting txr sub-encoding to TS1/0 on input line 376.
Package textcomp Info: Setting txss sub-encoding to TS1/0 on input line 377.
Package textcomp Info: Setting txtt sub-encoding to TS1/0 on input line 378.
Package textcomp Info: Setting lmr sub-encoding to TS1/0 on input line 379.
Package textcomp Info: Setting lmdh sub-encoding to TS1/0 on input line 380.
Package textcomp Info: Setting lmss sub-encoding to TS1/0 on input line 381.
Package textcomp Info: Setting lmssq sub-encoding to TS1/0 on input line 382.
Package textcomp Info: Setting lmvtt sub-encoding to TS1/0 on input line 383.
Package textcomp Info: Setting lmtt sub-encoding to TS1/0 on input line 384.
Package textcomp Info: Setting qhv sub-encoding to TS1/0 on input line 385.
Package textcomp Info: Setting qag sub-encoding to TS1/0 on input line 386.
Package textcomp Info: Setting qbk sub-encoding to TS1/0 on input line 387.
Package textcomp Info: Setting qcr sub-encoding to TS1/0 on input line 388.
Package textcomp Info: Setting qcs sub-encoding to TS1/0 on input line 389.
Package textcomp Info: Setting qpl sub-encoding to TS1/0 on input line 390.
Package textcomp Info: Setting qtm sub-encoding to TS1/0 on input line 391.
Package textcomp Info: Setting qzc sub-encoding to TS1/0 on input line 392.
Package textcomp Info: Setting qhvc sub-encoding to TS1/0 on input line 393.
Package textcomp Info: Setting futs sub-encoding to TS1/4 on input line 394.
Package textcomp Info: Setting futx sub-encoding to TS1/4 on input line 395.
Package textcomp Info: Setting futj sub-encoding to TS1/4 on input line 396.
Package textcomp Info: Setting hlh sub-encoding to TS1/3 on input line 397.
Package textcomp Info: Setting hls sub-encoding to TS1/3 on input line 398.
Package textcomp Info: Setting hlst sub-encoding to TS1/3 on input line 399.
Package textcomp Info: Setting hlct sub-encoding to TS1/5 on input line 400.
Package textcomp Info: Setting hlx sub-encoding to TS1/5 on input line 401.
Package textcomp Info: Setting hlce sub-encoding to TS1/5 on input line 402.
Package textcomp Info: Setting hlcn sub-encoding to TS1/5 on input line 403.
Package textcomp Info: Setting hlcw sub-encoding to TS1/5 on input line 404.
Package textcomp Info: Setting hlcf sub-encoding to TS1/5 on input line 405.
Package textcomp Info: Setting pplx sub-encoding to TS1/3 on input line 406.
Package textcomp Info: Setting pplj sub-encoding to TS1/3 on input line 407.
Package textcomp Info: Setting ptmx sub-encoding to TS1/4 on input line 408.
Package textcomp Info: Setting ptmj sub-encoding to TS1/4 on input line 409.
)
(/usr/share/texlive/texmf-dist/tex/latex/psnfss/mathpazo.sty
Package: mathpazo 2005/04/12 PSNFSS-v9.2a Palatino w/ Pazo Math (D.Puga, WaS) 
\symupright=\mathgroup4
)
(/usr/share/texlive/texmf-dist/tex/latex/url/url.sty
\Urlmuskip=\muskip10
Package: url 2013/09/16  ver 3.4  Verb mode for urls, etc.
)
(/usr/share/texlive/texmf-dist/tex/latex/graphics/graphicx.sty
Package: graphicx 2017/06/01 v1.1a Enhanced LaTeX Graphics (DPC,SPQR)

(/usr/share/texlive/texmf-dist/tex/latex/graphics/graphics.sty
Package: graphics 2017/06/25 v1.2c Standard LaTeX Graphics (DPC,SPQR)

(/usr/share/texlive/texmf-dist/tex/latex/graphics/trig.sty
Package: trig 2016/01/03 v1.10 sin cos tan (DPC)
)
(/usr/share/texlive/texmf-dist/tex/latex/graphics-cfg/graphics.cfg
File: graphics.cfg 2016/06/04 v1.11 sample graphics configuration
)
Package graphics Info: Driver file: pdftex.def on input line 99.

(/usr/share/texlive/texmf-dist/tex/latex/graphics-def/pdftex.def
File: pdftex.def 2018/01/08 v1.0l Graphics/color driver for pdftex
))
\Gin@req@height=\dimen111
\Gin@req@width=\dimen112
)
(/usr/share/texlive/texmf-dist/tex/latex/subfig/subfig.sty
Package: subfig 2005/06/28 ver: 1.3 subfig package

(/usr/share/texlive/texmf-dist/tex/latex/caption/caption.sty
Package: caption 2016/02/21 v3.3-144 Customizing captions (AR)

(/usr/share/texlive/texmf-dist/tex/latex/caption/caption3.sty
Package: caption3 2016/05/22 v1.7-166 caption3 kernel (AR)
Package caption3 Info: TeX engine: e-TeX on input line 67.
\captionmargin=\dimen113
\captionmargin@=\dimen114
\captionwidth=\dimen115
\caption@tempdima=\dimen116
\caption@indent=\dimen117
\caption@parindent=\dimen118
\caption@hangindent=\dimen119
)
\c@ContinuedFloat=\count91
)
\c@KVtest=\count92
\sf@farskip=\skip43
\sf@captopadj=\dimen120
\sf@capskip=\skip44
\sf@nearskip=\skip45
\c@subfigure=\count93
\c@subfigure@save=\count94
\c@lofdepth=\count95
\c@subtable=\count96
\c@subtable@save=\count97
\c@lotdepth=\count98
\sf@top=\skip46
\sf@bottom=\skip47
)
(/usr/share/texlive/texmf-dist/tex/latex/amsmath/amsmath.sty
Package: amsmath 2017/09/02 v2.17a AMS math features
\@mathmargin=\skip48

For additional information on amsmath, use the `?' option.
(/usr/share/texlive/texmf-dist/tex/latex/amsmath/amstext.sty
Package: amstext 2000/06/29 v2.01 AMS text

(/usr/share/texlive/texmf-dist/tex/latex/amsmath/amsgen.sty
File: amsgen.sty 1999/11/30 v2.0 generic functions
\@emptytoks=\toks16
\ex@=\dimen121
))
(/usr/share/texlive/texmf-dist/tex/latex/amsmath/amsbsy.sty
Package: amsbsy 1999/11/29 v1.2d Bold Symbols
\pmbraise@=\dimen122
)
(/usr/share/texlive/texmf-dist/tex/latex/amsmath/amsopn.sty
Package: amsopn 2016/03/08 v2.02 operator names
)
\inf@bad=\count99
LaTeX Info: Redefining \frac on input line 213.
\uproot@=\count100
\leftroot@=\count101
LaTeX Info: Redefining \overline on input line 375.
\classnum@=\count102
\DOTSCASE@=\count103
LaTeX Info: Redefining \ldots on input line 472.
LaTeX Info: Redefining \dots on input line 475.
LaTeX Info: Redefining \cdots on input line 596.
\Mathstrutbox@=\box26
\strutbox@=\box27
\big@size=\dimen123
LaTeX Font Info:    Redeclaring font encoding OML on input line 712.
LaTeX Font Info:    Redeclaring font encoding OMS on input line 713.
\macc@depth=\count104
\c@MaxMatrixCols=\count105
\dotsspace@=\muskip11
\c@parentequation=\count106
\dspbrk@lvl=\count107
\tag@help=\toks17
\row@=\count108
\column@=\count109
\maxfields@=\count110
\andhelp@=\toks18
\eqnshift@=\dimen124
\alignsep@=\dimen125
\tagshift@=\dimen126
\tagwidth@=\dimen127
\totwidth@=\dimen128
\lineht@=\dimen129
\@envbody=\toks19
\multlinegap=\skip49
\multlinetaggap=\skip50
\mathdisplay@stack=\toks20
LaTeX Info: Redefining \[ on input line 2817.
LaTeX Info: Redefining \] on input line 2818.
)
(/usr/share/texlive/texmf-dist/tex/latex/amscls/amsthm.sty
Package: amsthm 2017/10/31 v2.20.4
\thm@style=\toks21
\thm@bodyfont=\toks22
\thm@headfont=\toks23
\thm@notefont=\toks24
\thm@headpunct=\toks25
\thm@preskip=\skip51
\thm@postskip=\skip52
\thm@headsep=\skip53
\dth@everypar=\toks26
)
(/usr/share/texlive/texmf-dist/tex/latex/base/makeidx.sty
Package: makeidx 2014/09/29 v1.0m Standard LaTeX package
)
(/usr/share/texlive/texmf-dist/tex/latex/setspace/setspace.sty
Package: setspace 2011/12/19 v6.7a set line spacing
) (./hevea.sty
Package: hevea 2002/01/11

(/usr/share/texlive/texmf-dist/tex/latex/comment/comment.sty
\CommentStream=\write3

Excluding comment 'comment')
\c@cuttingdepth=\count111
 Excluding comment 'rawhtml'
Excluding comment 'htmlonly'
\@bgcolorbin=\box28
)
(/usr/share/texlive/texmf-dist/tex/latex/upquote/upquote.sty
Package: upquote 2012/04/19 v1.3 upright-quote and grave-accent glyphs in verba
tim
)
(/usr/share/texlive/texmf-dist/tex/latex/fancyhdr/fancyhdr.sty
Package: fancyhdr 2017/06/30 v3.9a Extensive control of page headers and footer
s
\f@nch@headwidth=\skip54
\f@nch@O@elh=\skip55
\f@nch@O@erh=\skip56
\f@nch@O@olh=\skip57
\f@nch@O@orh=\skip58
\f@nch@O@elf=\skip59
\f@nch@O@erf=\skip60
\f@nch@O@olf=\skip61
\f@nch@O@orf=\skip62
)
(/usr/share/texlive/texmf-dist/tex/latex/hyperref/hyperref.sty
Package: hyperref 2018/02/06 v6.86b Hypertext links for LaTeX

(/usr/share/texlive/texmf-dist/tex/generic/oberdiek/hobsub-hyperref.sty
Package: hobsub-hyperref 2016/05/16 v1.14 Bundle oberdiek, subset hyperref (HO)


(/usr/share/texlive/texmf-dist/tex/generic/oberdiek/hobsub-generic.sty
Package: hobsub-generic 2016/05/16 v1.14 Bundle oberdiek, subset generic (HO)
Package: hobsub 2016/05/16 v1.14 Construct package bundles (HO)
Package: infwarerr 2016/05/16 v1.4 Providing info/warning/error messages (HO)
Package: ltxcmds 2016/05/16 v1.23 LaTeX kernel commands for general use (HO)
Package: ifluatex 2016/05/16 v1.4 Provides the ifluatex switch (HO)
Package ifluatex Info: LuaTeX not detected.
Package hobsub Info: Skipping package `ifvtex' (already loaded).
Package: intcalc 2016/05/16 v1.2 Expandable calculations with integers (HO)
Package hobsub Info: Skipping package `ifpdf' (already loaded).
Package: etexcmds 2016/05/16 v1.6 Avoid name clashes with e-TeX commands (HO)
Package etexcmds Info: Could not find \expanded.
(etexcmds)             That can mean that you are not using pdfTeX 1.50 or
(etexcmds)             that some package has redefined \expanded.
(etexcmds)             In the latter case, load this package earlier.
Package: kvsetkeys 2016/05/16 v1.17 Key value parser (HO)
Package: kvdefinekeys 2016/05/16 v1.4 Define keys (HO)
Package: pdftexcmds 2018/01/21 v0.26 Utility functions of pdfTeX for LuaTeX (HO
)
Package pdftexcmds Info: LuaTeX not detected.
Package pdftexcmds Info: \pdf@primitive is available.
Package pdftexcmds Info: \pdf@ifprimitive is available.
Package pdftexcmds Info: \pdfdraftmode found.
Package: pdfescape 2016/05/16 v1.14 Implements pdfTeX's escape features (HO)
Package: bigintcalc 2016/05/16 v1.4 Expandable calculations on big integers (HO
)
Package: bitset 2016/05/16 v1.2 Handle bit-vector datatype (HO)
Package: uniquecounter 2016/05/16 v1.3 Provide unlimited unique counter (HO)
)
Package hobsub Info: Skipping package `hobsub' (already loaded).
Package: letltxmacro 2016/05/16 v1.5 Let assignment for LaTeX macros (HO)
Package: hopatch 2016/05/16 v1.3 Wrapper for package hooks (HO)
Package: xcolor-patch 2016/05/16 xcolor patch
Package: atveryend 2016/05/16 v1.9 Hooks at the very end of document (HO)
Package atveryend Info: \enddocument detected (standard20110627).
Package: atbegshi 2016/06/09 v1.18 At begin shipout hook (HO)
Package: refcount 2016/05/16 v3.5 Data extraction from label references (HO)
Package: hycolor 2016/05/16 v1.8 Color options for hyperref/bookmark (HO)
)
(/usr/share/texlive/texmf-dist/tex/latex/oberdiek/auxhook.sty
Package: auxhook 2016/05/16 v1.4 Hooks for auxiliary files (HO)
)
(/usr/share/texlive/texmf-dist/tex/latex/oberdiek/kvoptions.sty
Package: kvoptions 2016/05/16 v3.12 Key value format for package options (HO)
)
\@linkdim=\dimen130
\Hy@linkcounter=\count112
\Hy@pagecounter=\count113

(/usr/share/texlive/texmf-dist/tex/latex/hyperref/pd1enc.def
File: pd1enc.def 2018/02/06 v6.86b Hyperref: PDFDocEncoding definition (HO)
)
\Hy@SavedSpaceFactor=\count114

(/usr/share/texlive/texmf-dist/tex/latex/latexconfig/hyperref.cfg
File: hyperref.cfg 2002/06/06 v1.2 hyperref configuration of TeXLive
)
Package hyperref Info: Option `bookmarks' set `true' on input line 4383.
Package hyperref Info: Hyper figures OFF on input line 4509.
Package hyperref Info: Link nesting OFF on input line 4514.
Package hyperref Info: Hyper index ON on input line 4517.
Package hyperref Info: Plain pages OFF on input line 4524.
Package hyperref Info: Backreferencing OFF on input line 4529.
Package hyperref Info: Implicit mode ON; LaTeX internals redefined.
Package hyperref Info: Bookmarks ON on input line 4762.
\c@Hy@tempcnt=\count115
LaTeX Info: Redefining \url on input line 5115.
\XeTeXLinkMargin=\dimen131
\Fld@menulength=\count116
\Field@Width=\dimen132
\Fld@charsize=\dimen133
Package hyperref Info: Hyper figures OFF on input line 6369.
Package hyperref Info: Link nesting OFF on input line 6374.
Package hyperref Info: Hyper index ON on input line 6377.
Package hyperref Info: backreferencing OFF on input line 6384.
Package hyperref Info: Link coloring OFF on input line 6389.
Package hyperref Info: Link coloring with OCG OFF on input line 6394.
Package hyperref Info: PDF/A mode OFF on input line 6399.
LaTeX Info: Redefining \ref on input line 6439.
LaTeX Info: Redefining \pageref on input line 6443.
\Hy@abspage=\count117
\c@Item=\count118
\c@Hfootnote=\count119
)
Package hyperref Info: Driver (autodetected): hpdftex.

(/usr/share/texlive/texmf-dist/tex/latex/hyperref/hpdftex.def
File: hpdftex.def 2018/02/06 v6.86b Hyperref driver for pdfTeX
\Fld@listcount=\count120
\c@bookmark@seq@number=\count121

(/usr/share/texlive/texmf-dist/tex/latex/oberdiek/rerunfilecheck.sty
Package: rerunfilecheck 2016/05/16 v1.8 Rerun checks for auxiliary files (HO)
Package uniquecounter Info: New unique counter `rerunfilecheck' on input line 2
82.
)
\Hy@SectionHShift=\skip63
)
\@indexfile=\write4
\openout4 = `book.idx'.


Writing index file book.idx
No file book.aux.
\openout1 = `book.aux'.

LaTeX Font Info:    Checking defaults for OML/cmm/m/it on input line 52.
LaTeX Font Info:    ... okay on input line 52.
LaTeX Font Info:    Checking defaults for T1/cmr/m/n on input line 52.
LaTeX Font Info:    ... okay on input line 52.
LaTeX Font Info:    Checking defaults for OT1/cmr/m/n on input line 52.
LaTeX Font Info:    ... okay on input line 52.
LaTeX Font Info:    Checking defaults for OMS/cmsy/m/n on input line 52.
LaTeX Font Info:    ... okay on input line 52.
LaTeX Font Info:    Checking defaults for OMX/cmex/m/n on input line 52.
LaTeX Font Info:    ... okay on input line 52.
LaTeX Font Info:    Checking defaults for U/cmr/m/n on input line 52.
LaTeX Font Info:    ... okay on input line 52.
LaTeX Font Info:    Checking defaults for TS1/cmr/m/n on input line 52.
LaTeX Font Info:    Try loading font information for TS1+cmr on input line 52.
(/usr/share/texlive/texmf-dist/tex/latex/base/ts1cmr.fd
File: ts1cmr.fd 2014/09/29 v2.5h Standard LaTeX font definitions
)
LaTeX Font Info:    ... okay on input line 52.
LaTeX Font Info:    Checking defaults for PD1/pdf/m/n on input line 52.
LaTeX Font Info:    ... okay on input line 52.
LaTeX Font Info:    Try loading font information for T1+ppl on input line 52.

(/usr/share/texlive/texmf-dist/tex/latex/psnfss/t1ppl.fd
File: t1ppl.fd 2001/06/04 font definitions for T1/ppl.
)
*geometry* driver: auto-detecting
*geometry* detected driver: pdftex
*geometry* verbose mode - [ preamble ] result:
* driver: pdftex
* paper: <default>
* layout: <same size as paper>
* layoutoffset:(h,v)=(0.0pt,0.0pt)
* hratio: 3:2
* vratio: 1:1
* modes: twoside 
* h-part:(L,W,R)=(130.086pt, 397.48499pt, 86.72401pt)
* v-part:(T,H,B)=(90.3375pt, 614.295pt, 90.3375pt)
* \paperwidth=614.295pt
* \paperheight=794.96999pt
* \textwidth=397.48499pt
* \textheight=614.295pt
* \oddsidemargin=57.81601pt
* \evensidemargin=14.45403pt
* \topmargin=-13.80629pt
* \headheight=12.0pt
* \headsep=19.8738pt
* \topskip=12.0pt
* \footskip=30.0pt
* \marginparwidth=98.0pt
* \marginparsep=7.0pt
* \columnsep=10.0pt
* \skip\footins=10.8pt plus 4.0pt minus 2.0pt
* \hoffset=0.0pt
* \voffset=0.0pt
* \mag=1000
* \@twocolumnfalse
* \@twosidetrue
* \@mparswitchtrue
* \@reversemarginfalse
* (1in=72.27pt=25.4mm, 1cm=28.453pt)

(/usr/share/texlive/texmf-dist/tex/context/base/mkii/supp-pdf.mkii
[Loading MPS to PDF converter (version 2006.09.02).]
\scratchcounter=\count122
\scratchdimen=\dimen134
\scratchbox=\box29
\nofMPsegments=\count123
\nofMParguments=\count124
\everyMPshowfont=\toks27
\MPscratchCnt=\count125
\MPscratchDim=\dimen135
\MPnumerator=\count126
\makeMPintoPDFobject=\count127
\everyMPtoPDFconversion=\toks28
) (/usr/share/texlive/texmf-dist/tex/latex/oberdiek/epstopdf-base.sty
Package: epstopdf-base 2016/05/15 v2.6 Base part for package epstopdf

(/usr/share/texlive/texmf-dist/tex/latex/oberdiek/grfext.sty
Package: grfext 2016/05/16 v1.2 Manage graphics extensions (HO)
)
Package epstopdf-base Info: Redefining graphics rule for `.eps' on input line 4
38.
Package grfext Info: Graphics extension search list:
(grfext)             [.pdf,.png,.jpg,.mps,.jpeg,.jbig2,.jb2,.PDF,.PNG,.JPG,.JPE
G,.JBIG2,.JB2,.eps]
(grfext)             \AppendGraphicsExtensions on input line 456.

(/usr/share/texlive/texmf-dist/tex/latex/latexconfig/epstopdf-sys.cfg
File: epstopdf-sys.cfg 2010/07/13 v1.3 Configuration of (r)epstopdf for TeX Liv
e
))
Package caption Info: Begin \AtBeginDocument code.
Package caption Info: subfig package v1.3 is loaded.
Package caption Info: hyperref package is loaded.
Package caption Info: End \AtBeginDocument code.
\AtBeginShipoutBox=\box30
Package hyperref Info: Link coloring OFF on input line 52.

(/usr/share/texlive/texmf-dist/tex/latex/hyperref/nameref.sty
Package: nameref 2016/05/21 v2.44 Cross-referencing by name of section

(/usr/share/texlive/texmf-dist/tex/generic/oberdiek/gettitlestring.sty
Package: gettitlestring 2016/05/16 v1.5 Cleanup title references (HO)
)
\c@section@level=\count128
)
LaTeX Info: Redefining \ref on input line 52.
LaTeX Info: Redefining \pageref on input line 52.
LaTeX Info: Redefining \nameref on input line 52.
\@outlinefile=\write5
\openout5 = `book.out'.

\c@exercise=\count129

(./latexonly) [1


{/var/lib/texmf/fonts/map/pdftex/updmap/pdftex.map}] [2]
[3]
LaTeX Font Info:    Try loading font information for TS1+ppl on input line 152.

 (/usr/share/texlive/texmf-dist/tex/latex/psnfss/ts1ppl.fd
File: ts1ppl.fd 2001/06/04 font definitions for TS1/ppl.
)
LaTeX Font Info:    Try loading font information for T1+cmtt on input line 165.


(/usr/share/texlive/texmf-dist/tex/latex/base/t1cmtt.fd
File: t1cmtt.fd 2014/09/29 v2.5h Standard LaTeX font definitions
)
LaTeX Font Info:    Try loading font information for OT1+ppl on input line 165.


(/usr/share/texlive/texmf-dist/tex/latex/psnfss/ot1ppl.fd
File: ot1ppl.fd 2001/06/04 font definitions for OT1/ppl.
)
LaTeX Font Info:    Try loading font information for OML+zplm on input line 165
.

(/usr/share/texlive/texmf-dist/tex/latex/psnfss/omlzplm.fd
File: omlzplm.fd 2002/09/08 Fontinst v1.914 font definitions for OML/zplm.
)
LaTeX Font Info:    Try loading font information for OMS+zplm on input line 165
.

(/usr/share/texlive/texmf-dist/tex/latex/psnfss/omszplm.fd
File: omszplm.fd 2002/09/08 Fontinst v1.914 font definitions for OMS/zplm.
)
LaTeX Font Info:    Try loading font information for OMX+zplm on input line 165
.

(/usr/share/texlive/texmf-dist/tex/latex/psnfss/omxzplm.fd
File: omxzplm.fd 2002/09/08 Fontinst v1.914 font definitions for OMX/zplm.
)
LaTeX Font Info:    Try loading font information for OT1+zplm on input line 165
.

(/usr/share/texlive/texmf-dist/tex/latex/psnfss/ot1zplm.fd
File: ot1zplm.fd 2002/09/08 Fontinst v1.914 font definitions for OT1/zplm.
)
Excluding 'htmlonly' comment. [4]
LaTeX Font Info:    Font shape `T1/ppl/bx/n' in size <24.88> not available
(Font)              Font shape `T1/ppl/b/n' tried instead on input line 202.
LaTeX Font Info:    Font shape `T1/ppl/bx/n' in size <17.28> not available
(Font)              Font shape `T1/ppl/b/n' tried instead on input line 230.


Package Fancyhdr Warning: \headheight is too small (12.0pt): 
 Make it at least 14.49998pt.
 We now make it that large for the rest of the document.
 This may cause the page layout to be inconsistent, however.

[5

]
LaTeX Font Info:    Try loading font information for T1+cmss on input line 273.

 (/usr/share/texlive/texmf-dist/tex/latex/base/t1cmss.fd
File: t1cmss.fd 2014/09/29 v2.5h Standard LaTeX font definitions
)
LaTeX Font Info:    Font shape `T1/ppl/bx/n' in size <12> not available
(Font)              Font shape `T1/ppl/b/n' tried instead on input line 316.
 [6]
Underfull \hbox (badness 10000) in paragraph at lines 384--389
\T1/ppl/m/n/12 If you have a sug-ges-tion or cor-rec-tion, please send email to

 []


Underfull \hbox (badness 1584) in paragraph at lines 384--389
\T1/cmtt/m/n/12 downey@allendowney.com\T1/ppl/m/n/12 . If I make a change based
 on your feed-
 []

[7] [8]
\tf@toc=\write6
\openout6 = `book.toc'.

 [9


] [10

]
Chapter 1.

LaTeX Warning: Reference `code' on page 1 undefined on input line 517.

<figs/sounds1.pdf, id=69, 578.16pt x 433.62pt>
File: figs/sounds1.pdf Graphic file (type pdf)
<use figs/sounds1.pdf>
Package pdftex.def Info: figs/sounds1.pdf  used on input line 526.
(pdftex.def)             Requested size: 240.90234pt x 180.67499pt.

LaTeX Warning: Reference `fig.sounds1' on page 1 undefined on input line 535.

[1


]
<figs/sounds2.pdf, id=77, 578.16pt x 433.62pt>
File: figs/sounds2.pdf Graphic file (type pdf)
<use figs/sounds2.pdf>
Package pdftex.def Info: figs/sounds2.pdf  used on input line 560.
(pdftex.def)             Requested size: 240.90234pt x 180.67499pt.


LaTeX Warning: Reference `fig.sounds2' on page 2 undefined on input line 568.

[2 <./figs/sounds1.pdf>]
<figs/sounds3.pdf, id=109, 578.16pt x 433.62pt>
File: figs/sounds3.pdf Graphic file (type pdf)
<use figs/sounds3.pdf>
Package pdftex.def Info: figs/sounds3.pdf  used on input line 591.
(pdftex.def)             Requested size: 240.90234pt x 180.67499pt.


LaTeX Warning: Reference `fig.sounds3' on page 3 undefined on input line 609.


LaTeX Warning: Reference `fig.sounds2' on page 3 undefined on input line 610.

[3 <./figs/sounds2.pdf>] [4 <./figs/sounds3.pdf>]

LaTeX Warning: Reference `code' on page 5 undefined on input line 662.

[5]
<figs/sounds4.pdf, id=193, 578.16pt x 433.62pt>
File: figs/sounds4.pdf Graphic file (type pdf)
<use figs/sounds4.pdf>
Package pdftex.def Info: figs/sounds4.pdf  used on input line 744.
(pdftex.def)             Requested size: 240.90234pt x 180.67499pt.


LaTeX Warning: Reference `fig.sounds4' on page 6 undefined on input line 764.

[6 <./figs/sounds4.pdf>]
LaTeX Font Info:    Try loading font information for TS1+cmtt on input line 777
.

(/usr/share/texlive/texmf-dist/tex/latex/base/ts1cmtt.fd
File: ts1cmtt.fd 2014/09/29 v2.5h Standard LaTeX font definitions
)

LaTeX Warning: Reference `code' on page 7 undefined on input line 819.

[7]
<figs/uml_diagram1.pdf, id=230, 496.85625pt x 63.23625pt>
File: figs/uml_diagram1.pdf Graphic file (type pdf)
<use figs/uml_diagram1.pdf>
Package pdftex.def Info: figs/uml_diagram1.pdf  used on input line 862.
(pdftex.def)             Requested size: 252.94499pt x 32.19312pt.


LaTeX Warning: Reference `fig.diagram1' on page 8 undefined on input line 874.

[8 <./figs/uml_diagram1.pdf>]
Overfull \hbox (3.79202pt too wide) in paragraph at lines 931--931
[]    \T1/cmtt/m/n/12 def __init__(self, freq=440, amp=1.0, offset=0, func=np.s
in):[] 
 []

[9]

LaTeX Warning: Reference `code' on page 10 undefined on input line 1022.

[10]
Underfull \hbox (badness 1137) in paragraph at lines 1049--1054
[]\T1/ppl/b/n/12 Exercise 1.3 \T1/ppl/m/n/12 Syn-the-size a com-pound sig-nal b
y cre-at-ing SinSignal and
 []

[11] [12

]
Chapter 2.

LaTeX Warning: Reference `code' on page 13 undefined on input line 1076.

<figs/triangle-200-1.pdf, id=313, 578.16pt x 433.62pt>
File: figs/triangle-200-1.pdf Graphic file (type pdf)
<use figs/triangle-200-1.pdf>
Package pdftex.def Info: figs/triangle-200-1.pdf  used on input line 1090.
(pdftex.def)             Requested size: 240.90234pt x 180.67499pt.

LaTeX Warning: Reference `fig.triangle.200.1' on page 13 undefined on input lin
e 1096.

[13]

LaTeX Warning: Reference `fig.triangle.200.1' on page 14 undefined on input lin
e 1140.

<figs/triangle-200-2.pdf, id=322, 867.24pt x 433.62pt>
File: figs/triangle-200-2.pdf Graphic file (type pdf)
<use figs/triangle-200-2.pdf>
Package pdftex.def Info: figs/triangle-200-2.pdf  used on input line 1149.
(pdftex.def)             Requested size: 361.35353pt x 180.67499pt.
[14 <./figs/triangle-200-1.pdf>]

LaTeX Warning: Reference `fig.triangle.200.2' on page 15 undefined on input lin
e 1165.

<figs/square-100-1.pdf, id=355, 578.16pt x 433.62pt>
File: figs/square-100-1.pdf Graphic file (type pdf)
<use figs/square-100-1.pdf>
Package pdftex.def Info: figs/square-100-1.pdf  used on input line 1191.
(pdftex.def)             Requested size: 240.90234pt x 180.67499pt.
[15 <./figs/triangle-200-2.pdf>]
<figs/square-100-2.pdf, id=395, 578.16pt x 433.62pt>
File: figs/square-100-2.pdf Graphic file (type pdf)
<use figs/square-100-2.pdf>
Package pdftex.def Info: figs/square-100-2.pdf  used on input line 1224.
(pdftex.def)             Requested size: 240.90234pt x 180.67499pt.


LaTeX Warning: Reference `fig.square.100.1' on page 16 undefined on input line 
1229.


LaTeX Warning: Reference `fig.square.100.2' on page 16 undefined on input line 
1231.

[16 <./figs/square-100-1.pdf>]
<figs/triangle-1100-2.pdf, id=423, 867.24pt x 433.62pt>
File: figs/triangle-1100-2.pdf Graphic file (type pdf)
<use figs/triangle-1100-2.pdf>
Package pdftex.def Info: figs/triangle-1100-2.pdf  used on input line 1248.
(pdftex.def)             Requested size: 361.35353pt x 180.67499pt.


LaTeX Warning: Reference `fig.triangle.1100.2' on page 17 undefined on input li
ne 1259.

[17 <./figs/square-100-2.pdf>]
<figs/aliasing1.pdf, id=462, 578.16pt x 433.62pt>
File: figs/aliasing1.pdf Graphic file (type pdf)
<use figs/aliasing1.pdf>
Package pdftex.def Info: figs/aliasing1.pdf  used on input line 1297.
(pdftex.def)             Requested size: 337.26505pt x 252.94499pt.


LaTeX Warning: Reference `fig.aliasing1' on page 18 undefined on input line 130
3.

[18 <./figs/triangle-1100-2.pdf>]

LaTeX Warning: Reference `fig.square.100.2' on page 19 undefined on input line 
1329.

[19 <./figs/aliasing1.pdf>] [20] [21] [22]
Chapter 3.

LaTeX Warning: Reference `code' on page 23 undefined on input line 1537.

<figs/chirp3.pdf, id=563, 867.24pt x 433.62pt>
File: figs/chirp3.pdf Graphic file (type pdf)
<use figs/chirp3.pdf>
Package pdftex.def Info: figs/chirp3.pdf  used on input line 1545.
(pdftex.def)             Requested size: 361.35353pt x 180.67499pt.

LaTeX Warning: Reference `fig.chirp3' on page 23 undefined on input line 1563.

[23

] [24 <./figs/chirp3.pdf>]

LaTeX Warning: Reference `sigobs' on page 25 undefined on input line 1619.

[25]
<figs/chirp1.pdf, id=607, 578.16pt x 433.62pt>
File: figs/chirp1.pdf Graphic file (type pdf)
<use figs/chirp1.pdf>
Package pdftex.def Info: figs/chirp1.pdf  used on input line 1726.
(pdftex.def)             Requested size: 240.90234pt x 180.67499pt.
 [26]

LaTeX Warning: Reference `fig.chirp1' on page 27 undefined on input line 1741.

<figs/chirp2.pdf, id=614, 578.16pt x 433.62pt>
File: figs/chirp2.pdf Graphic file (type pdf)
<use figs/chirp2.pdf>
Package pdftex.def Info: figs/chirp2.pdf  used on input line 1761.
(pdftex.def)             Requested size: 240.90234pt x 180.67499pt.
[27 <./figs/chirp1.pdf>]

LaTeX Warning: Reference `fig.chirp2' on page 28 undefined on input line 1794.

[28 <./figs/chirp2.pdf>]
<figs/windowing1.pdf, id=696, 867.24pt x 433.62pt>
File: figs/windowing1.pdf Graphic file (type pdf)
<use figs/windowing1.pdf>
Package pdftex.def Info: figs/windowing1.pdf  used on input line 1850.
(pdftex.def)             Requested size: 397.48499pt x 198.74641pt.
 [29]

LaTeX Warning: Reference `fig.windowing1' on page 30 undefined on input line 18
91.


LaTeX Warning: Reference `fig.windowing1' on page 30 undefined on input line 18
98.

[30 <./figs/windowing1.pdf>]
<figs/windowing2.pdf, id=735, 578.16pt x 722.7pt>
File: figs/windowing2.pdf Graphic file (type pdf)
<use figs/windowing2.pdf>
Package pdftex.def Info: figs/windowing2.pdf  used on input line 1912.
(pdftex.def)             Requested size: 202.3502pt x 252.94499pt.


LaTeX Warning: Reference `fig.windowing2' on page 31 undefined on input line 19
24.


LaTeX Warning: Reference `fig.windowing2' on page 31 undefined on input line 19
27.


LaTeX Warning: Reference `fig.windowing2' on page 31 undefined on input line 19
32.

[31 <./figs/windowing2.pdf>]

LaTeX Warning: Reference `fig.windowing1' on page 32 undefined on input line 19
38.

<figs/windowing3.pdf, id=762, 578.16pt x 433.62pt>
File: figs/windowing3.pdf Graphic file (type pdf)
<use figs/windowing3.pdf>
Package pdftex.def Info: figs/windowing3.pdf  used on input line 1969.
(pdftex.def)             Requested size: 240.90234pt x 180.67499pt.
[32 <./figs/windowing3.pdf>]

LaTeX Warning: Reference `fig.windowing3' on page 33 undefined on input line 20
11.

[33] [34]
Underfull \hbox (badness 1406) in paragraph at lines 2103--2107
[]\T1/ppl/m/n/12 Write a class called \T1/cmtt/m/n/12 TromboneGliss \T1/ppl/m/n
/12 that ex-tends \T1/cmtt/m/n/12 Chirp \T1/ppl/m/n/12 and pro-vides
 []

[35] [36

]
Chapter 4.

LaTeX Warning: Reference `code' on page 37 undefined on input line 2139.

<figs/whitenoise0.pdf, id=824, 578.16pt x 433.62pt>
File: figs/whitenoise0.pdf Graphic file (type pdf)
<use figs/whitenoise0.pdf>
Package pdftex.def Info: figs/whitenoise0.pdf  used on input line 2147.
(pdftex.def)             Requested size: 240.90234pt x 180.67499pt.
[37]
Underfull \hbox (badness 1270) in paragraph at lines 2169--2171
[]\T1/cmtt/m/n/12 UncorrelatedUniformNoise \T1/ppl/m/n/12 in-her-its from [][]\
T1/cmtt/m/n/12 _Noise[]\T1/ppl/m/n/12 , which in-her-its from
 []


LaTeX Warning: Reference `fig.whitenoise0' on page 38 undefined on input line 2
187.

<figs/whitenoise1.pdf, id=834, 578.16pt x 433.62pt>
File: figs/whitenoise1.pdf Graphic file (type pdf)
<use figs/whitenoise1.pdf>
Package pdftex.def Info: figs/whitenoise1.pdf  used on input line 2192.
(pdftex.def)             Requested size: 240.90234pt x 180.67499pt.
[38 <./figs/whitenoise0.pdf>]

LaTeX Warning: Reference `fig.whitenoise1' on page 39 undefined on input line 2
210.

[39 <./figs/whitenoise1.pdf>]
<figs/whitenoise2.pdf, id=900, 578.16pt x 433.62pt>
File: figs/whitenoise2.pdf Graphic file (type pdf)
<use figs/whitenoise2.pdf>
Package pdftex.def Info: figs/whitenoise2.pdf  used on input line 2254.
(pdftex.def)             Requested size: 240.90234pt x 180.67499pt.

Underfull \hbox (badness 1466) in paragraph at lines 2268--2272
[]\T1/cmtt/m/n/12 self.power \T1/ppl/m/n/12 is a NumPy ar-ray con-tain-ing powe
r for each fre-quency.
 []

[40 <./figs/whitenoise2.pdf>]

LaTeX Warning: Reference `fig.whitenoise2' on page 41 undefined on input line 2
290.

<figs/rednoise0.pdf, id=946, 578.16pt x 433.62pt>
File: figs/rednoise0.pdf Graphic file (type pdf)
<use figs/rednoise0.pdf>
Package pdftex.def Info: figs/rednoise0.pdf  used on input line 2303.
(pdftex.def)             Requested size: 240.90234pt x 180.67499pt.
[41 <./figs/rednoise0.pdf>]

LaTeX Warning: Reference `fig.rednoise0' on page 42 undefined on input line 235
4.

<figs/rednoise3.pdf, id=976, 867.24pt x 433.62pt>
File: figs/rednoise3.pdf Graphic file (type pdf)
<use figs/rednoise3.pdf>
Package pdftex.def Info: figs/rednoise3.pdf  used on input line 2361.
(pdftex.def)             Requested size: 361.35353pt x 180.67499pt.

LaTeX Warning: Reference `fig.rednoise3' on page 42 undefined on input line 236
8.


LaTeX Warning: Reference `fig.rednoise3' on page 42 undefined on input line 238
1.

[42]

LaTeX Warning: Reference `diffint' on page 43 undefined on input line 2407.

[43 <./figs/rednoise3.pdf>]
<figs/pinknoise0.pdf, id=1019, 578.16pt x 433.62pt>
File: figs/pinknoise0.pdf Graphic file (type pdf)
<use figs/pinknoise0.pdf>
Package pdftex.def Info: figs/pinknoise0.pdf  used on input line 2436.
(pdftex.def)             Requested size: 240.90234pt x 180.67499pt.
 [44 <./figs/pinknoise0.pdf>]
<figs/noise-triple.pdf, id=1049, 578.16pt x 433.62pt>
File: figs/noise-triple.pdf Graphic file (type pdf)
<use figs/noise-triple.pdf>
Package pdftex.def Info: figs/noise-triple.pdf  used on input line 2496.
(pdftex.def)             Requested size: 240.90234pt x 180.67499pt.
 [45 <./figs/noise-triple.pdf>]

LaTeX Warning: Reference `fig.pinknoise0' on page 46 undefined on input line 25
23.


LaTeX Warning: Reference `fig.noise-triple' on page 46 undefined on input line 
2530.

<figs/noise1.pdf, id=1091, 867.24pt x 433.62pt>
File: figs/noise1.pdf Graphic file (type pdf)
<use figs/noise1.pdf>
Package pdftex.def Info: figs/noise1.pdf  used on input line 2540.
(pdftex.def)             Requested size: 361.35353pt x 180.67499pt.
[46 <./figs/noise1.pdf>]

LaTeX Warning: Reference `fig.noise1' on page 47 undefined on input line 2594.

[47]
Underfull \hbox (badness 6236) in paragraph at lines 2659--2667
[]\T1/ppl/m/n/12 Write a class called \T1/cmtt/m/n/12 UncorrelatedPoissonNoise 
\T1/ppl/m/n/12 that in-her-its from
 []

[48] [49] [50

]
Chapter 5.

LaTeX Warning: Reference `code' on page 51 undefined on input line 2695.

[51]
<figs/autocorr1.pdf, id=1167, 578.16pt x 433.62pt>
File: figs/autocorr1.pdf Graphic file (type pdf)
<use figs/autocorr1.pdf>
Package pdftex.def Info: figs/autocorr1.pdf  used on input line 2737.
(pdftex.def)             Requested size: 240.90234pt x 180.67499pt.


LaTeX Warning: Reference `fig.autocorr1' on page 52 undefined on input line 276
0.

[52 <./figs/autocorr1.pdf>]
<figs/autocorr2.pdf, id=1199, 578.16pt x 433.62pt>
File: figs/autocorr2.pdf Graphic file (type pdf)
<use figs/autocorr2.pdf>
Package pdftex.def Info: figs/autocorr2.pdf  used on input line 2780.
(pdftex.def)             Requested size: 240.90234pt x 180.67499pt.


LaTeX Warning: Reference `fig.autocorr2' on page 53 undefined on input line 279
5.

[53 <./figs/autocorr2.pdf>]
<figs/autocorr3.pdf, id=1236, 578.16pt x 433.62pt>
File: figs/autocorr3.pdf Graphic file (type pdf)
<use figs/autocorr3.pdf>
Package pdftex.def Info: figs/autocorr3.pdf  used on input line 2862.
(pdftex.def)             Requested size: 240.90234pt x 180.67499pt.
 [54]

LaTeX Warning: Reference `fig.autocorr3' on page 55 undefined on input line 288
0.

<figs/autocorr4.pdf, id=1242, 578.16pt x 433.62pt>
File: figs/autocorr4.pdf Graphic file (type pdf)
<use figs/autocorr4.pdf>
Package pdftex.def Info: figs/autocorr4.pdf  used on input line 2893.
(pdftex.def)             Requested size: 240.90234pt x 180.67499pt.
[55 <./figs/autocorr3.pdf>]

LaTeX Warning: Reference `fig.autocorr4' on page 56 undefined on input line 291
5.

<figs/autocorr5.pdf, id=1285, 578.16pt x 433.62pt>
File: figs/autocorr5.pdf Graphic file (type pdf)
<use figs/autocorr5.pdf>
Package pdftex.def Info: figs/autocorr5.pdf  used on input line 2933.
(pdftex.def)             Requested size: 240.90234pt x 180.67499pt.

LaTeX Warning: Reference `fig.autocorr5' on page 56 undefined on input line 294
3.

<figs/autocorr6.pdf, id=1288, 578.16pt x 433.62pt>
File: figs/autocorr6.pdf Graphic file (type pdf)
<use figs/autocorr6.pdf>
Package pdftex.def Info: figs/autocorr6.pdf  used on input line 2950.
(pdftex.def)             Requested size: 240.90234pt x 180.67499pt.
[56 <./figs/autocorr4.pdf>] [57 <./figs/autocorr5.pdf> <./figs/autocorr6.pdf

pdfTeX warning: pdflatex (file ./figs/autocorr6.pdf): PDF inclusion: multiple p
dfs with page group included in a single page
>]

LaTeX Warning: Reference `fig.autocorr6' on page 58 undefined on input line 296
7.


LaTeX Warning: Reference `gabor' on page 58 undefined on input line 2970.


LaTeX Warning: Reference `sauron' on page 58 undefined on input line 2978.

<figs/autocorr7.pdf, id=1403, 578.16pt x 433.62pt>
File: figs/autocorr7.pdf Graphic file (type pdf)
<use figs/autocorr7.pdf>
Package pdftex.def Info: figs/autocorr7.pdf  used on input line 2986.
(pdftex.def)             Requested size: 240.90234pt x 180.67499pt.
[58 <./figs/autocorr7.pdf>]

LaTeX Warning: Reference `fig.autocorr7' on page 59 undefined on input line 301
2.

<figs/autocorr8.pdf, id=1444, 578.16pt x 433.62pt>
File: figs/autocorr8.pdf Graphic file (type pdf)
<use figs/autocorr8.pdf>
Package pdftex.def Info: figs/autocorr8.pdf  used on input line 3019.
(pdftex.def)             Requested size: 240.90234pt x 180.67499pt.

LaTeX Warning: Reference `fig.autocorr8' on page 59 undefined on input line 303
2.

[59 <./figs/autocorr8.pdf>]

LaTeX Warning: Reference `fig.autocorr2' on page 60 undefined on input line 308
8.

<figs/autocorr9.pdf, id=1479, 578.16pt x 433.62pt>
File: figs/autocorr9.pdf Graphic file (type pdf)
<use figs/autocorr9.pdf>
Package pdftex.def Info: figs/autocorr9.pdf  used on input line 3096.
(pdftex.def)             Requested size: 240.90234pt x 180.67499pt.
[60]

LaTeX Warning: Reference `fig.autocorr9' on page 61 undefined on input line 311
5.


LaTeX Warning: Reference `fig.autocorr9' on page 61 undefined on input line 312
5.


LaTeX Warning: Reference `fig.autocorr8' on page 61 undefined on input line 312
5.

[61 <./figs/autocorr9.pdf>]
Underfull \hbox (badness 7963) in paragraph at lines 3147--3152
[]\T1/ppl/m/n/12 With these ad-just-ments, the re-sults com-puted by \T1/cmtt/m
/n/12 autocorr \T1/ppl/m/n/12 and
 []

[62]
Chapter 6.

LaTeX Warning: Reference `code' on page 63 undefined on input line 3245.

[63

]
<figs/diagram1.pdf, id=1537, 186.65736pt x 173.9007pt>
File: figs/diagram1.pdf Graphic file (type pdf)
<use figs/diagram1.pdf>
Package pdftex.def Info: figs/diagram1.pdf  used on input line 3304.
(pdftex.def)             Requested size: 193.93678pt x 180.67499pt.
 [64]

LaTeX Warning: Reference `fig.synthesis' on page 65 undefined on input line 334
3.

[65 <./figs/diagram1.pdf>] [66]
Underfull \hbox (badness 3701) in paragraph at lines 3415--3417
[]\T1/ppl/m/n/12 The first two lines use \T1/cmtt/m/n/12 ts \T1/ppl/m/n/12 and 
\T1/cmtt/m/n/12 fs \T1/ppl/m/n/12 to build the ma-trix, \T1/cmtt/m/n/12 M\T1/pp
l/m/n/12 . Then
 []

[67] [68] [69] [70]
<figs/dct1.pdf, id=1598, 578.16pt x 433.62pt>
File: figs/dct1.pdf Graphic file (type pdf)
<use figs/dct1.pdf>
Package pdftex.def Info: figs/dct1.pdf  used on input line 3679.
(pdftex.def)             Requested size: 240.90234pt x 180.67499pt.


LaTeX Warning: Reference `fig.dct1' on page 71 undefined on input line 3696.

[71]

LaTeX Warning: Reference `dctiv' on page 72 undefined on input line 3715.

[72 <./figs/dct1.pdf>]
Underfull \hbox (badness 10000) in paragraph at lines 3745--3748
\T1/ppl/m/n/12 For the fol-low-ing ex-er-cises, I pro-vide some starter code in

 []

[73] [74]
Chapter 7.

LaTeX Warning: Reference `sounds' on page 75 undefined on input line 3814.


LaTeX Warning: Reference `dct' on page 75 undefined on input line 3821.


LaTeX Warning: Reference `code' on page 75 undefined on input line 3843.

[75

] [76] [77] [78]

LaTeX Warning: Reference `synth1' on page 79 undefined on input line 4023.

<figs/dft1.pdf, id=1689, 578.16pt x 433.62pt>
File: figs/dft1.pdf Graphic file (type pdf)
<use figs/dft1.pdf>
Package pdftex.def Info: figs/dft1.pdf  used on input line 4051.
(pdftex.def)             Requested size: 240.90234pt x 180.67499pt.

LaTeX Warning: Reference `fig.dft1' on page 79 undefined on input line 4081.

[79]

LaTeX Warning: Reference `synthesis' on page 80 undefined on input line 4092.


LaTeX Warning: Reference `fig.synthesis' on page 80 undefined on input line 411
5.

[80 <./figs/dft1.pdf>]
<figs/dft2.pdf, id=1728, 578.16pt x 433.62pt>
File: figs/dft2.pdf Graphic file (type pdf)
<use figs/dft2.pdf>
Package pdftex.def Info: figs/dft2.pdf  used on input line 4151.
(pdftex.def)             Requested size: 240.90234pt x 180.67499pt.
 [81 <./figs/dft2.pdf>]

LaTeX Warning: Reference `fig.dft2' on page 82 undefined on input line 4174.


LaTeX Warning: Reference `analysis' on page 82 undefined on input line 4192.

[82] [83] [84] [85]

LaTeX Warning: Reference `synthesis' on page 86 undefined on input line 4426.


LaTeX Warning: Reference `dotproduct' on page 86 undefined on input line 4432.

<figs/dft3.pdf, id=1793, 578.16pt x 433.62pt>
File: figs/dft3.pdf Graphic file (type pdf)
<use figs/dft3.pdf>
Package pdftex.def Info: figs/dft3.pdf  used on input line 4442.
(pdftex.def)             Requested size: 240.90234pt x 180.67499pt.
[86]

LaTeX Warning: Reference `fig.dft3' on page 87 undefined on input line 4492.


LaTeX Warning: Reference `aliasing' on page 87 undefined on input line 4502.

[87 <./figs/dft3.pdf>]

LaTeX Warning: Reference `dftsection' on page 88 undefined on input line 4565.

[88] [89] [90

]
Chapter 8.

LaTeX Warning: Reference `code' on page 91 undefined on input line 4588.

<figs/convolution1.pdf, id=1860, 578.16pt x 433.62pt>
File: figs/convolution1.pdf Graphic file (type pdf)
<use figs/convolution1.pdf>
Package pdftex.def Info: figs/convolution1.pdf  used on input line 4597.
(pdftex.def)             Requested size: 240.90234pt x 180.67499pt.

LaTeX Warning: Reference `fig.convolution1' on page 91 undefined on input line 
4612.


LaTeX Warning: Reference `square' on page 91 undefined on input line 4621.

[91]
<figs/convolution2.pdf, id=1868, 578.16pt x 433.62pt>
File: figs/convolution2.pdf Graphic file (type pdf)
<use figs/convolution2.pdf>
Package pdftex.def Info: figs/convolution2.pdf  used on input line 4663.
(pdftex.def)             Requested size: 240.90234pt x 180.67499pt.
 [92 <./figs/convolution1.pdf>]

LaTeX Warning: Reference `fig.convolution2' on page 93 undefined on input line 
4696.

[93 <./figs/convolution2.pdf>]

LaTeX Warning: Reference `fig.convolution2' on page 94 undefined on input line 
4722.


Underfull \hbox (badness 1931) in paragraph at lines 4745--4748
[]\T1/ppl/m/n/12 Because the win-dow we used in this ex-am-ple is sym-met-ric, 
cross-
 []


LaTeX Warning: Reference `systems' on page 94 undefined on input line 4756.

<figs/convolution4.pdf, id=1934, 578.16pt x 433.62pt>
File: figs/convolution4.pdf Graphic file (type pdf)
<use figs/convolution4.pdf>
Package pdftex.def Info: figs/convolution4.pdf  used on input line 4768.
(pdftex.def)             Requested size: 240.90234pt x 180.67499pt.
[94]

LaTeX Warning: Reference `fig.convolution4' on page 95 undefined on input line 
4796.


LaTeX Warning: Reference `spectrums' on page 95 undefined on input line 4800.


LaTeX Warning: Reference `pink' on page 95 undefined on input line 4800.

[95 <./figs/convolution4.pdf>]
<figs/convolution5.pdf, id=1977, 578.16pt x 433.62pt>
File: figs/convolution5.pdf Graphic file (type pdf)
<use figs/convolution5.pdf>
Package pdftex.def Info: figs/convolution5.pdf  used on input line 4820.
(pdftex.def)             Requested size: 240.90234pt x 180.67499pt.


LaTeX Warning: Reference `fig.convolution5' on page 96 undefined on input line 
4825.

<figs/convolution6.pdf, id=1978, 578.16pt x 433.62pt>
File: figs/convolution6.pdf Graphic file (type pdf)
<use figs/convolution6.pdf>
Package pdftex.def Info: figs/convolution6.pdf  used on input line 4837.
(pdftex.def)             Requested size: 240.90234pt x 180.67499pt.

LaTeX Warning: Reference `fig.convolution5' on page 96 undefined on input line 
4857.

[96 <./figs/convolution5.pdf>]

LaTeX Warning: Reference `fig.convolution6' on page 97 undefined on input line 
4874.

<figs/convolution7.pdf, id=2021, 578.16pt x 433.62pt>
File: figs/convolution7.pdf Graphic file (type pdf)
<use figs/convolution7.pdf>
Package pdftex.def Info: figs/convolution7.pdf  used on input line 4891.
(pdftex.def)             Requested size: 240.90234pt x 180.67499pt.
[97 <./figs/convolution6.pdf>]

LaTeX Warning: Reference `fig.convolution7' on page 98 undefined on input line 
4915.

<figs/convolution8.pdf, id=2067, 578.16pt x 433.62pt>
File: figs/convolution8.pdf Graphic file (type pdf)
<use figs/convolution8.pdf>
Package pdftex.def Info: figs/convolution8.pdf  used on input line 4923.
(pdftex.def)             Requested size: 240.90234pt x 180.67499pt.

LaTeX Warning: Reference `fig.convolution8' on page 98 undefined on input line 
4930.

[98 <./figs/convolution7.pdf>]

LaTeX Warning: Reference `fig.convolution1' on page 99 undefined on input line 
4965.

[99 <./figs/convolution8.pdf>]
<figs/convolution9.pdf, id=2149, 578.16pt x 433.62pt>
File: figs/convolution9.pdf Graphic file (type pdf)
<use figs/convolution9.pdf>
Package pdftex.def Info: figs/convolution9.pdf  used on input line 5025.
(pdftex.def)             Requested size: 240.90234pt x 180.67499pt.

Underfull \hbox (badness 7308) in paragraph at lines 5027--5027
[]\T1/ppl/m/n/12 Figure 8.8: |Au-to-cor-re-la-tion func-tions com-puted by NumP
y and
 []


LaTeX Warning: Reference `convolution' on page 100 undefined on input line 5031
.


LaTeX Warning: Reference `fig.convolution9' on page 100 undefined on input line
 5047.


LaTeX Warning: Reference `autopink' on page 100 undefined on input line 5051.

[100] [101 <./figs/convolution9.pdf>]

LaTeX Warning: Reference `fig.convolution9' on page 102 undefined on input line
 5084.


LaTeX Warning: Reference `fig.convolution9' on page 102 undefined on input line
 5088.


LaTeX Warning: Reference `correlate' on page 102 undefined on input line 5090.


Underfull \hbox (badness 1107) in paragraph at lines 5092--5097
[]\T1/ppl/m/n/12 The strat-egy we used here for auto-correlation also works for
 cross-
 []


LaTeX Warning: Reference `nonperiodic' on page 102 undefined on input line 5128
.

[102] [103] [104

]
Chapter 9.

LaTeX Warning: Reference `code' on page 105 undefined on input line 5155.


LaTeX Warning: Reference `smoothing' on page 105 undefined on input line 5162.

[105]

LaTeX Warning: Reference `fig.diff_int1' on page 106 undefined on input line 51
90.


LaTeX Warning: Reference `brownian' on page 106 undefined on input line 5193.

<figs/diff_int1.pdf, id=2215, 867.24pt x 433.62pt>
File: figs/diff_int1.pdf Graphic file (type pdf)
<use figs/diff_int1.pdf>
Package pdftex.def Info: figs/diff_int1.pdf  used on input line 5200.
(pdftex.def)             Requested size: 361.35353pt x 180.67499pt.

LaTeX Warning: Reference `fig.diff_int2' on page 106 undefined on input line 52
14.

<figs/diff_int2.pdf, id=2216, 867.24pt x 433.62pt>
File: figs/diff_int2.pdf Graphic file (type pdf)
<use figs/diff_int2.pdf>
Package pdftex.def Info: figs/diff_int2.pdf  used on input line 5221.
(pdftex.def)             Requested size: 361.35353pt x 180.67499pt.

Underfull \vbox (badness 5985) has occurred while \output is active []

 [106 <./figs/diff_int1.pdf>]
<figs/diff_int3.pdf, id=2263, 867.24pt x 433.62pt>
File: figs/diff_int3.pdf Graphic file (type pdf)
<use figs/diff_int3.pdf>
Package pdftex.def Info: figs/diff_int3.pdf  used on input line 5248.
(pdftex.def)             Requested size: 361.35353pt x 180.67499pt.


LaTeX Warning: Reference `fig.diff_int3' on page 107 undefined on input line 52
53.

[107 <./figs/diff_int2.pdf>]

LaTeX Warning: Reference `fig.diff_int3' on page 108 undefined on input line 52
96.


LaTeX Warning: Reference `synthmat' on page 108 undefined on input line 5298.

[108 <./figs/diff_int3.pdf>]

LaTeX Warning: Reference `effconv' on page 109 undefined on input line 5348.

<figs/diff_int4.pdf, id=2357, 578.16pt x 433.62pt>
File: figs/diff_int4.pdf Graphic file (type pdf)
<use figs/diff_int4.pdf>
Package pdftex.def Info: figs/diff_int4.pdf  used on input line 5371.
(pdftex.def)             Requested size: 240.90234pt x 180.67499pt.

LaTeX Warning: Reference `fig.diff_int4' on page 109 undefined on input line 53
77.


LaTeX Warning: Reference `fig.diff_int3' on page 109 undefined on input line 53
83.

[109]

LaTeX Warning: Reference `systems' on page 110 undefined on input line 5410.

<figs/diff_int5.pdf, id=2366, 578.16pt x 433.62pt>
File: figs/diff_int5.pdf Graphic file (type pdf)
<use figs/diff_int5.pdf>
Package pdftex.def Info: figs/diff_int5.pdf  used on input line 5417.
(pdftex.def)             Requested size: 240.90234pt x 180.67499pt.
[110 <./figs/diff_int4.pdf>]

LaTeX Warning: Reference `fig.diff_int3' on page 111 undefined on input line 54
36.

[111 <./figs/diff_int5.pdf>]

LaTeX Warning: Reference `fig.diff_int5' on page 112 undefined on input line 54
67.

<figs/diff_int6.pdf, id=2453, 867.24pt x 433.62pt>
File: figs/diff_int6.pdf Graphic file (type pdf)
<use figs/diff_int6.pdf>
Package pdftex.def Info: figs/diff_int6.pdf  used on input line 5477.
(pdftex.def)             Requested size: 361.35353pt x 180.67499pt.

LaTeX Warning: Reference `fig.diff_int6' on page 112 undefined on input line 54
98.

[112 <./figs/diff_int6.pdf>]
<figs/diff_int7.pdf, id=2497, 867.24pt x 433.62pt>
File: figs/diff_int7.pdf Graphic file (type pdf)
<use figs/diff_int7.pdf>
Package pdftex.def Info: figs/diff_int7.pdf  used on input line 5521.
(pdftex.def)             Requested size: 361.35353pt x 180.67499pt.


LaTeX Warning: Reference `fig.diff_int7' on page 113 undefined on input line 55
26.


LaTeX Warning: Reference `harmonics' on page 113 undefined on input line 5527.


LaTeX Warning: Reference `harmonics' on page 113 undefined on input line 5532.

[113 <./figs/diff_int7.pdf>]
<figs/diff_int8.pdf, id=2540, 578.16pt x 433.62pt>
File: figs/diff_int8.pdf Graphic file (type pdf)
<use figs/diff_int8.pdf>
Package pdftex.def Info: figs/diff_int8.pdf  used on input line 5553.
(pdftex.def)             Requested size: 240.90234pt x 180.67499pt.


LaTeX Warning: Reference `fig.diff_int8' on page 114 undefined on input line 55
58.

<figs/diff_int9.pdf, id=2541, 578.16pt x 433.62pt>
File: figs/diff_int9.pdf Graphic file (type pdf)
<use figs/diff_int9.pdf>
Package pdftex.def Info: figs/diff_int9.pdf  used on input line 5575.
(pdftex.def)             Requested size: 240.90234pt x 180.67499pt.

LaTeX Warning: Reference `fig.diff_int9' on page 114 undefined on input line 55
94.

[114 <./figs/diff_int8.pdf>]

LaTeX Warning: Reference `brownian' on page 115 undefined on input line 5614.


LaTeX Warning: Reference `diffs' on page 115 undefined on input line 5636.

[115 <./figs/diff_int9.pdf>]

LaTeX Warning: Reference `cumsum' on page 116 undefined on input line 5658.

[116] [117] [118

]
Chapter 10.

LaTeX Warning: Reference `code' on page 119 undefined on input line 5714.

[119]

LaTeX Warning: Reference `effconv' on page 120 undefined on input line 5789.


LaTeX Warning: Reference `effdiff' on page 120 undefined on input line 5790.

[120]
Overfull \hbox (3.79202pt too wide) in paragraph at lines 5822--5822
[]\T1/cmtt/m/n/12 [ 1.+0.j  1.+0.j  1.+0.j  1.+0.j  1.+0.j  1.+0.j  1.+0.j  1.+
0.j][] 
 []

<figs/systems1.pdf, id=2659, 578.16pt x 433.62pt>
File: figs/systems1.pdf Graphic file (type pdf)
<use figs/systems1.pdf>
Package pdftex.def Info: figs/systems1.pdf  used on input line 5852.
(pdftex.def)             Requested size: 240.90234pt x 180.67499pt.

LaTeX Warning: Reference `smoothing' on page 121 undefined on input line 5858.


LaTeX Warning: Reference `fig.systems1' on page 121 undefined on input line 587
2.

[121]
<figs/systems6.pdf, id=2665, 867.24pt x 433.62pt>
File: figs/systems6.pdf Graphic file (type pdf)
<use figs/systems6.pdf>
Package pdftex.def Info: figs/systems6.pdf  used on input line 5917.
(pdftex.def)             Requested size: 361.35353pt x 180.67499pt.
 [122 <./figs/systems1.pdf>]

LaTeX Warning: Reference `fig.systems6' on page 123 undefined on input line 594
0.


LaTeX Warning: Reference `fig.systems6' on page 123 undefined on input line 594
8.


LaTeX Warning: Reference `violin' on page 123 undefined on input line 5956.


Overfull \hbox (40.83298pt too wide) in paragraph at lines 5962--5962
[]    \T1/cmtt/m/n/12 violin = thinkdsp.read_wave(\TS1/cmtt/m/n/12 '\T1/cmtt/m/
n/12 92002__jcveliz__violin-origional.wav\TS1/cmtt/m/n/12 '\T1/cmtt/m/n/12 )[] 

 []

[123 <./figs/systems6.pdf>]
<figs/systems7.pdf, id=2745, 578.16pt x 433.62pt>
File: figs/systems7.pdf Graphic file (type pdf)
<use figs/systems7.pdf>
Package pdftex.def Info: figs/systems7.pdf  used on input line 5987.
(pdftex.def)             Requested size: 240.90234pt x 180.67499pt.


LaTeX Warning: Reference `fig.systems7' on page 124 undefined on input line 599
2.

[124 <./figs/systems7.pdf>]
<figs/systems8.pdf, id=2776, 578.16pt x 433.62pt>
File: figs/systems8.pdf Graphic file (type pdf)
<use figs/systems8.pdf>
Package pdftex.def Info: figs/systems8.pdf  used on input line 6014.
(pdftex.def)             Requested size: 240.90234pt x 180.67499pt.
 [125 <./figs/systems8.pdf>]

LaTeX Warning: Reference `fig.systems8' on page 126 undefined on input line 609
3.


Underfull \hbox (badness 1917) in paragraph at lines 6093--6096
[]\T1/ppl/m/n/12 Figure [] shows the re-sult. You can hear what it sounds like 
in
 []

[126]
<figs/diagram2.pdf, id=2808, 220.80693pt x 69.2728pt>
File: figs/diagram2.pdf Graphic file (type pdf)
<use figs/diagram2.pdf>
Package pdftex.def Info: figs/diagram2.pdf  used on input line 6138.
(pdftex.def)             Requested size: 276.45944pt x 86.72377pt.


LaTeX Warning: Reference `fig.convolution' on page 127 undefined on input line 
6143.

[127 <./figs/diagram2.pdf>]

LaTeX Warning: Reference `convolution' on page 128 undefined on input line 6155
.

[128] [129]

LaTeX Warning: Reference `effdiff' on page 130 undefined on input line 6263.

[130]

LaTeX Warning: Reference `sysconv' on page 131 undefined on input line 6305.


LaTeX Warning: Reference `response' on page 131 undefined on input line 6310.

[131] [132

]
Chapter 11.

LaTeX Warning: Reference `aliasing' on page 133 undefined on input line 6347.


LaTeX Warning: Reference `code' on page 133 undefined on input line 6360.


LaTeX Warning: Reference `sysconv' on page 133 undefined on input line 6366.

[133]
<figs/sampling1.pdf, id=2858, 578.16pt x 433.62pt>
File: figs/sampling1.pdf Graphic file (type pdf)
<use figs/sampling1.pdf>
Package pdftex.def Info: figs/sampling1.pdf  used on input line 6395.
(pdftex.def)             Requested size: 337.26505pt x 252.94499pt.


LaTeX Warning: Reference `fig.sampling1' on page 134 undefined on input line 64
02.

<figs/sampling2.pdf, id=2859, 578.16pt x 867.24pt>
File: figs/sampling2.pdf Graphic file (type pdf)
<use figs/sampling2.pdf>
Package pdftex.def Info: figs/sampling2.pdf  used on input line 6419.
(pdftex.def)             Requested size: 264.99522pt x 397.48499pt.

Underfull \vbox (badness 6575) has occurred while \output is active []

 [134 <./figs/sampling1.pdf>] [135 <./figs/sampling2.pdf>]

LaTeX Warning: Reference `fig.sampling2' on page 136 undefined on input line 64
66.

[136]

LaTeX Warning: Reference `fig.sampling2' on page 137 undefined on input line 64
90.

<figs/sampling3.pdf, id=2939, 578.16pt x 433.62pt>
File: figs/sampling3.pdf Graphic file (type pdf)
<use figs/sampling3.pdf>
Package pdftex.def Info: figs/sampling3.pdf  used on input line 6525.
(pdftex.def)             Requested size: 289.07928pt x 216.81pt.
[137]

LaTeX Warning: Reference `fig.sampling3' on page 138 undefined on input line 65
69.

[138 <./figs/sampling3.pdf>]

LaTeX Warning: Reference `fig.sampling3' on page 139 undefined on input line 65
90.

<figs/sampling9.pdf, id=2981, 722.7pt x 722.7pt>
File: figs/sampling9.pdf Graphic file (type pdf)
<use figs/sampling9.pdf>
Package pdftex.def Info: figs/sampling9.pdf  used on input line 6597.
(pdftex.def)             Requested size: 289.07487pt x 289.07999pt.
[139 <./figs/sampling9.pdf>]

LaTeX Warning: Reference `fig.sampling9' on page 140 undefined on input line 66
30.

<figs/sampling4.pdf, id=3026, 578.16pt x 867.24pt>
File: figs/sampling4.pdf Graphic file (type pdf)
<use figs/sampling4.pdf>
Package pdftex.def Info: figs/sampling4.pdf  used on input line 6658.
(pdftex.def)             Requested size: 264.99522pt x 397.48499pt.

LaTeX Warning: Reference `am' on page 140 undefined on input line 6665.


LaTeX Warning: Reference `fig.sampling4' on page 140 undefined on input line 66
70.

[140] [141 <./figs/sampling4.pdf>]
<figs/sampling5.pdf, id=3067, 578.16pt x 722.7pt>
File: figs/sampling5.pdf Graphic file (type pdf)
<use figs/sampling5.pdf>
Package pdftex.def Info: figs/sampling5.pdf  used on input line 6693.
(pdftex.def)             Requested size: 277.51364pt x 346.89621pt.
 [142 <./figs/sampling5.pdf>]

LaTeX Warning: Reference `fig.sampling5' on page 143 undefined on input line 67
05.

<figs/sampling6.pdf, id=3110, 867.24pt x 433.62pt>
File: figs/sampling6.pdf Graphic file (type pdf)
<use figs/sampling6.pdf>
Package pdftex.def Info: figs/sampling6.pdf  used on input line 6717.
(pdftex.def)             Requested size: 361.35353pt x 180.67499pt.

LaTeX Warning: Reference `fig.sampling6' on page 143 undefined on input line 67
27.


LaTeX Warning: Reference `fig.sampling6' on page 143 undefined on input line 67
31.

[143 <./figs/sampling6.pdf>]
<figs/sampling8.pdf, id=3151, 578.16pt x 433.62pt>
File: figs/sampling8.pdf Graphic file (type pdf)
<use figs/sampling8.pdf>
Package pdftex.def Info: figs/sampling8.pdf  used on input line 6751.
(pdftex.def)             Requested size: 240.90234pt x 180.67499pt.


LaTeX Warning: Reference `fig.sampling8' on page 144 undefined on input line 67
56.

[144 <./figs/sampling8.pdf>] [145] [146

]
No file book.ind.
Package atveryend Info: Empty hook `BeforeClearDocument' on input line 6833.
Package atveryend Info: Empty hook `AfterLastShipout' on input line 6833.
(./book.aux)
Package atveryend Info: Executing hook `AtVeryEndDocument' on input line 6833.
Package atveryend Info: Executing hook `AtEndAfterFileList' on input line 6833.



Package rerunfilecheck Warning: File `book.out' has changed.
(rerunfilecheck)                Rerun to get outlines right
(rerunfilecheck)                or use package `bookmark'.

Package rerunfilecheck Info: Checksums for `book.out':
(rerunfilecheck)             Before: <no file>
(rerunfilecheck)             After:  E5325BDEC4DCDC004CEDF381D67D2DE8;5771.

LaTeX Warning: There were undefined references.


LaTeX Warning: Label(s) may have changed. Rerun to get cross-references right.

Package atveryend Info: Empty hook `AtVeryVeryEnd' on input line 6833.
 ) 
Here is how much of TeX's memory you used:
 9411 strings out of 492982
 141911 string characters out of 6134897
 218832 words of memory out of 5000000
 12342 multiletter control sequences out of 15000+600000
 40842 words of font info for 91 fonts, out of 8000000 for 9000
 1141 hyphenation exceptions out of 8191
 44i,11n,43p,378b,446s stack positions out of 5000i,500n,10000p,200000b,80000s
{/usr/share/texmf/fonts/enc/dvips/cm-super/cm-super-t1.enc}{/usr/share/texmf/
fonts/enc/dvips/cm-super/cm-super-ts1.enc}{/usr/share/texlive/texmf-dist/fonts/
enc/dvips/base/8r.enc}</usr/share/texlive/texmf-dist/fonts/type1/public/amsfont
s/cm/cmex10.pfb></usr/share/texlive/texmf-dist/fonts/type1/public/amsfonts/cm/c
mmi10.pfb></usr/share/texlive/texmf-dist/fonts/type1/public/amsfonts/cm/cmmi12.
pfb></usr/share/texlive/texmf-dist/fonts/type1/public/amsfonts/cm/cmmi8.pfb></u
sr/share/texlive/texmf-dist/fonts/type1/public/amsfonts/cm/cmr10.pfb></usr/shar
e/texlive/texmf-dist/fonts/type1/public/amsfonts/cm/cmr12.pfb></usr/share/texli
ve/texmf-dist/fonts/type1/public/amsfonts/cm/cmsy10.pfb></usr/share/texlive/tex
mf-dist/fonts/type1/public/amsfonts/cm/cmtt12.pfb></usr/share/texlive/texmf-dis
t/fonts/type1/public/mathpazo/fplmr.pfb></usr/share/texlive/texmf-dist/fonts/ty
pe1/public/mathpazo/fplmri.pfb></usr/share/texmf/fonts/type1/public/cm-super/sf
ss1200.pfb></usr/share/texmf/fonts/type1/public/cm-super/sftt1000.pfb></usr/sha
re/texmf/fonts/type1/public/cm-super/sftt1200.pfb></usr/share/texlive/texmf-dis
t/fonts/type1/urw/palatino/uplb8a.pfb></usr/share/texlive/texmf-dist/fonts/type
1/urw/palatino/uplr8a.pfb></usr/share/texlive/texmf-dist/fonts/type1/urw/palati
no/uplri8a.pfb>
Output written on book.pdf (156 pages, 4246346 bytes).
PDF statistics:
 3335 PDF objects out of 3580 (max. 8388607)
 1463 compressed objects within 15 object streams
 417 named destinations out of 1000 (max. 500000)
 346 words of extra memory for PDF output out of 10000 (max. 10000000)

